TN:
SF:src/getCity.js
FN:1,getCity
FNF:1
FNH:1
FNDA:3,getCity
DA:1,1
DA:2,3
DA:3,3
DA:4,3
DA:5,3
DA:6,3
DA:7,1
DA:8,1
LF:8
LH:8
BRDA:1,0,0,3
BRF:1
BRH:1
end_of_record
TN:
SF:src/getWeather.js
FN:3,getWeather
FNF:1
FNH:1
FNDA:3,getWeather
DA:1,1
DA:2,1
DA:3,1
DA:4,3
DA:5,3
DA:6,3
DA:7,3
DA:8,3
DA:9,3
DA:10,1
DA:11,1
LF:11
LH:11
BRDA:3,0,0,3
BRF:1
BRH:1
end_of_record
TN:
SF:src/storage.js
FN:3,storage
FNF:1
FNH:1
FNDA:2,storage
DA:1,1
DA:2,1
DA:3,2
DA:4,2
DA:5,2
DA:6,2
DA:7,2
DA:8,1
DA:9,1
DA:10,1
DA:11,1
DA:12,1
DA:13,1
DA:14,1
DA:15,1
DA:16,1
DA:17,1
DA:18,3
DA:19,3
DA:20,3
DA:21,3
DA:22,3
DA:23,1
DA:24,2
DA:25,1
DA:26,1
LF:26
LH:26
BRDA:3,0,0,2
BRDA:7,1,0,1
BRDA:17,2,0,3
BRF:3
BRH:3
end_of_record
