TN:
SF:src/component/Component.ts
FN:6,Component
FN:14,render
FN:18,setState
FN:26,subscribeToEvents
FN:45,onMount
FNF:5
FNH:3
FNDA:4,Component
FNDA:0,render
FNDA:4,setState
FNDA:8,subscribeToEvents
FNDA:0,onMount
DA:1,1
DA:2,1
DA:3,1
DA:4,1
DA:5,1
DA:6,1
DA:7,4
DA:8,4
DA:9,4
DA:10,4
DA:11,4
DA:12,4
DA:13,1
DA:14,1
DA:15,0
DA:16,0
DA:17,1
DA:18,1
DA:19,4
DA:20,4
DA:21,4
DA:22,4
DA:23,4
DA:24,4
DA:25,1
DA:26,1
DA:27,8
DA:28,8
DA:29,8
DA:30,8
DA:31,8
DA:32,8
DA:33,8
DA:34,8
DA:35,0
DA:36,0
DA:37,0
DA:38,8
DA:39,8
DA:40,8
DA:41,8
DA:42,8
DA:43,8
DA:44,1
DA:45,1
DA:46,0
DA:47,0
DA:48,0
DA:49,0
DA:50,0
DA:51,0
DA:52,1
LF:52
LH:41
BRDA:6,0,0,4
BRDA:8,1,0,4
BRDA:18,2,0,4
BRDA:19,3,0,4
BRDA:26,4,0,8
BRDA:27,5,0,8
BRDA:32,6,0,0
BRDA:34,7,0,0
BRDA:34,8,0,0
BRF:9
BRH:6
end_of_record
